{"level":"\u001b[32minfo\u001b[39m","message":"{\"method\":\"GET/\",\"url\":\"200\",\"status\":\"5.665\",\"responseTime\":\"ms\\n\"}","timestamp":"2024-10-23T02:36:00.892Z"}
{"level":"\u001b[32minfo\u001b[39m","message":"{\"method\":\"POST/api/v1/auth/signup\",\"url\":\"400\",\"status\":\"3.093\",\"responseTime\":\"ms\\n\"}","timestamp":"2024-10-23T02:36:35.532Z"}
{"level":"\u001b[32minfo\u001b[39m","message":"{\"method\":\"GET/\",\"url\":\"200\",\"status\":\"4.072\",\"responseTime\":\"ms\\n\"}","timestamp":"2024-10-23T02:37:32.262Z"}
{"level":"\u001b[32minfo\u001b[39m","message":"{\"method\":\"POST/api/v1/auth/signup\",\"url\":\"200\",\"status\":\"165.483\",\"responseTime\":\"ms\\n\"}","timestamp":"2024-10-23T02:37:34.983Z"}
{"level":"\u001b[32minfo\u001b[39m","message":"{\"method\":\"POST/api/v1/auth/signin\",\"url\":\"200\",\"status\":\"103.842\",\"responseTime\":\"ms\\n\"}","timestamp":"2024-10-23T02:38:54.640Z"}
{"level":"\u001b[32minfo\u001b[39m","message":"{\"method\":\"GET/api/v1/categories\",\"url\":\"404\",\"status\":\"1.035\",\"responseTime\":\"ms\\n\"}","timestamp":"2024-10-23T02:39:18.071Z"}
{"level":"\u001b[32minfo\u001b[39m","message":"{\"method\":\"GET/api/v1/category/categories\",\"url\":\"404\",\"status\":\"15.800\",\"responseTime\":\"ms\\n\"}","timestamp":"2024-10-23T02:39:29.298Z"}
{"level":"\u001b[32minfo\u001b[39m","message":"{\"method\":\"GET/api/v1/category/categories\",\"url\":\"404\",\"status\":\"5.005\",\"responseTime\":\"ms\\n\"}","timestamp":"2024-10-23T02:39:39.804Z"}
{"level":"\u001b[32minfo\u001b[39m","message":"{\"method\":\"GET/api/v1/category/categories\",\"url\":\"404\",\"status\":\"29.641\",\"responseTime\":\"ms\\n\"}","timestamp":"2024-10-23T02:41:38.725Z"}
{"level":"\u001b[32minfo\u001b[39m","message":"{\"method\":\"GET/api/v1/category\",\"url\":\"200\",\"status\":\"17.161\",\"responseTime\":\"ms\\n\"}","timestamp":"2024-10-23T02:42:12.083Z"}
{"level":"\u001b[32minfo\u001b[39m","message":"{\"method\":\"GET/api/v1/categories\",\"url\":\"200\",\"status\":\"16.200\",\"responseTime\":\"ms\\n\"}","timestamp":"2024-10-23T02:43:09.004Z"}
{"level":"\u001b[32minfo\u001b[39m","message":"{\"method\":\"GET/api/v1/categories?page=1&limit=10\",\"url\":\"200\",\"status\":\"9.733\",\"responseTime\":\"ms\\n\"}","timestamp":"2024-10-23T02:43:13.480Z"}
{"level":"\u001b[32minfo\u001b[39m","message":"{\"method\":\"GET/api/v1/categories?search=groceries\",\"url\":\"500\",\"status\":\"30.452\",\"responseTime\":\"ms\\n\"}","timestamp":"2024-10-23T02:43:19.539Z"}
{"level":"\u001b[32minfo\u001b[39m","message":"{\"method\":\"GET/api/v1/categories?sort=name:asc\",\"url\":\"200\",\"status\":\"20.414\",\"responseTime\":\"ms\\n\"}","timestamp":"2024-10-23T02:43:39.491Z"}
{"level":"\u001b[32minfo\u001b[39m","message":"{\"method\":\"POST/api/v1/categories\",\"url\":\"201\",\"status\":\"32.685\",\"responseTime\":\"ms\\n\"}","timestamp":"2024-10-23T02:43:56.871Z"}
{"level":"\u001b[32minfo\u001b[39m","message":"{\"method\":\"PUT/api/v1/categories/%7B%7BcategoryId%7D%7D\",\"url\":\"500\",\"status\":\"11.491\",\"responseTime\":\"ms\\n\"}","timestamp":"2024-10-23T02:44:01.284Z"}
{"level":"\u001b[32minfo\u001b[39m","message":"{\"method\":\"POST/api/v1/categories\",\"url\":\"500\",\"status\":\"14.994\",\"responseTime\":\"ms\\n\"}","timestamp":"2024-10-23T02:44:09.393Z"}
{"level":"\u001b[32minfo\u001b[39m","message":"{\"method\":\"POST/api/v1/categories\",\"url\":\"500\",\"status\":\"15.236\",\"responseTime\":\"ms\\n\"}","timestamp":"2024-10-23T02:44:14.336Z"}
{"level":"\u001b[32minfo\u001b[39m","message":"{\"method\":\"POST/api/v1/categories\",\"url\":\"201\",\"status\":\"17.060\",\"responseTime\":\"ms\\n\"}","timestamp":"2024-10-23T02:44:35.102Z"}
{"level":"\u001b[32minfo\u001b[39m","message":"{\"method\":\"PUT/api/v1/categories/92342778-8b18-43af-97d9-cfee7365c2fa\",\"url\":\"200\",\"status\":\"17.368\",\"responseTime\":\"ms\\n\"}","timestamp":"2024-10-23T02:45:02.392Z"}
{"level":"\u001b[32minfo\u001b[39m","message":"{\"method\":\"GET/api/v1/transactions\",\"url\":\"404\",\"status\":\"3.122\",\"responseTime\":\"ms\\n\"}","timestamp":"2024-10-23T02:45:47.836Z"}
{"level":"\u001b[32minfo\u001b[39m","message":"{\"method\":\"GET/api/v1/transactions\",\"url\":\"404\",\"status\":\"2.705\",\"responseTime\":\"ms\\n\"}","timestamp":"2024-10-23T02:46:35.626Z"}
{"level":"\u001b[32minfo\u001b[39m","message":"{\"method\":\"GET/api/v1/transactions\",\"url\":\"200\",\"status\":\"20.170\",\"responseTime\":\"ms\\n\"}","timestamp":"2024-10-23T02:46:51.137Z"}
{"level":"\u001b[32minfo\u001b[39m","message":"{\"method\":\"GET/api/v1/transactions?page=1&limit=10\",\"url\":\"200\",\"status\":\"11.243\",\"responseTime\":\"ms\\n\"}","timestamp":"2024-10-23T02:46:57.542Z"}
{"level":"\u001b[32minfo\u001b[39m","message":"{\"method\":\"GET/api/v1/transactions?search=grocery\",\"url\":\"500\",\"status\":\"26.688\",\"responseTime\":\"ms\\n\"}","timestamp":"2024-10-23T02:47:01.238Z"}
{"level":"\u001b[32minfo\u001b[39m","message":"{\"method\":\"GET/api/v1/transactions?sort=amount:desc\",\"url\":\"200\",\"status\":\"23.005\",\"responseTime\":\"ms\\n\"}","timestamp":"2024-10-23T02:47:11.715Z"}
{"level":"\u001b[32minfo\u001b[39m","message":"{\"method\":\"GET/api/v1/transactions?startDate=2024-01-01&endDate=2024-12-31\",\"url\":\"200\",\"status\":\"20.302\",\"responseTime\":\"ms\\n\"}","timestamp":"2024-10-23T02:47:19.094Z"}
{"level":"\u001b[32minfo\u001b[39m","message":"{\"method\":\"POST/api/v1/transactions\",\"url\":\"500\",\"status\":\"10.690\",\"responseTime\":\"ms\\n\"}","timestamp":"2024-10-23T02:47:26.062Z"}
{"level":"\u001b[32minfo\u001b[39m","message":"{\"method\":\"POST/api/v1/transactions\",\"url\":\"500\",\"status\":\"8.865\",\"responseTime\":\"ms\\n\"}","timestamp":"2024-10-23T02:47:48.332Z"}
{"level":"\u001b[32minfo\u001b[39m","message":"{\"method\":\"POST/api/v1/transactions\",\"url\":\"500\",\"status\":\"10.983\",\"responseTime\":\"ms\\n\"}","timestamp":"2024-10-23T02:47:55.899Z"}
{"level":"\u001b[32minfo\u001b[39m","message":"{\"method\":\"POST/api/v1/transactions\",\"url\":\"500\",\"status\":\"10.405\",\"responseTime\":\"ms\\n\"}","timestamp":"2024-10-23T02:48:03.533Z"}
{"level":"\u001b[32minfo\u001b[39m","message":"{\"method\":\"GET/api/v1/transactions?search=grocery\",\"url\":\"500\",\"status\":\"23.789\",\"responseTime\":\"ms\\n\"}","timestamp":"2024-10-23T02:48:13.786Z"}
{"level":"\u001b[32minfo\u001b[39m","message":"{\"method\":\"GET/api/v1/transactions?sort=amount:desc\",\"url\":\"200\",\"status\":\"9.088\",\"responseTime\":\"ms\\n\"}","timestamp":"2024-10-23T02:48:15.361Z"}
{"level":"\u001b[32minfo\u001b[39m","message":"{\"method\":\"PUT/api/v1/transactions/0c167ed8-8e4c-431f-8044-274d3cbaf3ac\",\"url\":\"200\",\"status\":\"14.099\",\"responseTime\":\"ms\\n\"}","timestamp":"2024-10-23T02:48:42.339Z"}
{"level":"\u001b[32minfo\u001b[39m","message":"{\"method\":\"DELETE/api/v1/transactions/0c167ed8-8e4c-431f-8044-274d3cbaf3ac\",\"url\":\"200\",\"status\":\"19.412\",\"responseTime\":\"ms\\n\"}","timestamp":"2024-10-23T02:48:46.486Z"}
{"level":"\u001b[32minfo\u001b[39m","message":"{\"method\":\"GET/api/v1/transactions?categoryId=92342778-8b18-43af-97d9-cfee7365c2fa\",\"url\":\"200\",\"status\":\"19.816\",\"responseTime\":\"ms\\n\"}","timestamp":"2024-10-23T02:48:52.485Z"}
{"level":"\u001b[32minfo\u001b[39m","message":"{\"method\":\"GET/api/v1/transactions?type=EXPENSE\",\"url\":\"200\",\"status\":\"9.934\",\"responseTime\":\"ms\\n\"}","timestamp":"2024-10-23T02:48:56.350Z"}
{"level":"\u001b[32minfo\u001b[39m","message":"{\"method\":\"GET/api/v1/transactions?type=EXPENSE&startDate=2024-01-01&endDate=2024-12-31&sort=amount:desc&page=1&limit=10\",\"url\":\"200\",\"status\":\"14.656\",\"responseTime\":\"ms\\n\"}","timestamp":"2024-10-23T02:49:04.173Z"}
{"level":"\u001b[32minfo\u001b[39m","message":"{\"method\":\"GET/api/v1/categories/92342778-8b18-43af-97d9-cfee7365c2fa/summary\",\"url\":\"404\",\"status\":\"5.045\",\"responseTime\":\"ms\\n\"}","timestamp":"2024-10-23T02:49:06.318Z"}
